<?xml version="1.0" encoding="UTF-8"?>
<!-- Generated by org.testng.reporters.JUnitXMLReporter -->
<testsuite hostname="Tushars-Air" ignored="0" name="Test" tests="9" failures="5" timestamp="2020-07-21T13:55:48 IST" time="608.663" errors="0">
  <testcase name="verifyLoginPageLogo" time="0.08" classname="com.appmanager.qa.testcases.LoginPageTest"/>
  <testcase name="verifyForgotPasswordlink" time="0.797" classname="com.appmanager.qa.testcases.LoginPageTest"/>
  <testcase name="verifyAppmanagerLogin" time="53.292" classname="com.appmanager.qa.testcases.LoginPageTest">
    <failure type="java.lang.AssertionError" message="expected [https://openmethods-qa-6x.openmethods-dev.com/Popflow/Index] but found [https://openmethodsqa.dev.openmethodscloud.com/Popflow/Index]">
      <![CDATA[java.lang.AssertionError: expected [https://openmethods-qa-6x.openmethods-dev.com/Popflow/Index] but found [https://openmethodsqa.dev.openmethodscloud.com/Popflow/Index]
at com.appmanager.qa.testcases.LoginPageTest.verifyAppmanagerLogin(LoginPageTest.java:49)
at java.util.ArrayList.forEach(ArrayList.java:1257)
... Removed 32 stack frames]]>
    </failure>
  </testcase> <!-- verifyAppmanagerLogin -->
  <testcase name="verifyHomePageLogo" time="0.043" classname="com.appmanager.qa.testcases.HomePageTest"/>
  <testcase name="verifyCustomerNameDisplays" time="0.037" classname="com.appmanager.qa.testcases.HomePageTest">
    <failure type="java.lang.AssertionError" message="expected [OPENMETHODS-QA-6X] but found [OPENMETHODSQA]">
      <![CDATA[java.lang.AssertionError: expected [OPENMETHODS-QA-6X] but found [OPENMETHODSQA]
at com.appmanager.qa.testcases.HomePageTest.verifyCustomerNameDisplays(HomePageTest.java:47)
at java.util.ArrayList.forEach(ArrayList.java:1257)
... Removed 32 stack frames]]>
    </failure>
  </testcase> <!-- verifyCustomerNameDisplays -->
  <testcase name="verifyExternalLoginLink" time="2.376" classname="com.appmanager.qa.testcases.HomePageTest">
    <failure type="java.lang.AssertionError" message="Unable to navigate external login page  expected [https://openmethods-qa-6x.openmethods-dev.com/Manage/ManageLogins] but found [https://openmethodsqa.dev.openmethodscloud.com/Manage/ManageLogins]">
      <![CDATA[java.lang.AssertionError: Unable to navigate external login page  expected [https://openmethods-qa-6x.openmethods-dev.com/Manage/ManageLogins] but found [https://openmethodsqa.dev.openmethodscloud.com/Manage/ManageLogins]
at com.appmanager.qa.testcases.HomePageTest.verifyExternalLoginLink(HomePageTest.java:53)
at java.util.ArrayList.forEach(ArrayList.java:1257)
... Removed 31 stack frames]]>
    </failure>
  </testcase> <!-- verifyExternalLoginLink -->
  <testcase name="verifyResetPasswordLink" time="3.021" classname="com.appmanager.qa.testcases.HomePageTest">
    <failure type="java.lang.AssertionError" message="expected [https://openmethods-qa-6x.openmethods-dev.com/Account/ResetUserPassword] but found [https://openmethodsqa.dev.openmethodscloud.com/Account/ResetUserPassword]">
      <![CDATA[java.lang.AssertionError: expected [https://openmethods-qa-6x.openmethods-dev.com/Account/ResetUserPassword] but found [https://openmethodsqa.dev.openmethodscloud.com/Account/ResetUserPassword]
at com.appmanager.qa.testcases.HomePageTest.verifyResetPasswordLink(HomePageTest.java:59)
at java.util.ArrayList.forEach(ArrayList.java:1257)
... Removed 32 stack frames]]>
    </failure>
  </testcase> <!-- verifyResetPasswordLink -->
  <testcase name="verifyAboutLink" time="0.287" classname="com.appmanager.qa.testcases.HomePageTest"/>
  <testcase name="verifyAppManagerLogout" time="6.877" classname="com.appmanager.qa.testcases.HomePageTest">
    <failure type="java.lang.AssertionError" message="Not logged out properly expected [https://openmethods-qa-6x.openmethods-dev.com/Account/Login] but found [https://openmethodsqa.dev.openmethodscloud.com/Account/Login]">
      <![CDATA[java.lang.AssertionError: Not logged out properly expected [https://openmethods-qa-6x.openmethods-dev.com/Account/Login] but found [https://openmethodsqa.dev.openmethodscloud.com/Account/Login]
at com.appmanager.qa.testcases.HomePageTest.verifyAppManagerLogout(HomePageTest.java:71)
at java.util.ArrayList.forEach(ArrayList.java:1257)
... Removed 31 stack frames]]>
    </failure>
  </testcase> <!-- verifyAppManagerLogout -->
</testsuite> <!-- Test -->
