<?xml version="1.0" encoding="UTF-8"?>
<testng-results skipped="2" failed="0" ignored="0" total="2" passed="0">
  <reporter-output>
  </reporter-output>
  <suite name="Default suite" duration-ms="64" started-at="2020-07-27T23:57:11 IST" finished-at="2020-07-27T23:57:11 IST">
    <groups>
    </groups>
    <test name="Default test" duration-ms="64" started-at="2020-07-27T23:57:11 IST" finished-at="2020-07-27T23:57:11 IST">
      <class name="com.appmanager.qa.testcases.TestNGProject">
        <test-method status="FAIL" signature="createSuite(org.testng.ITestContext)[pri:0, instance:com.appmanager.qa.testcases.TestNGProject@37d31475]" name="createSuite" is-config="true" duration-ms="2541" started-at="2020-07-27T23:57:09 IST" finished-at="2020-07-27T23:57:11 IST">
          <params>
            <param index="0">
              <value>
                <![CDATA[org.testng.TestRunner@40ef3420]]>
              </value>
            </param>
          </params>
          <exception class="com.appmanager.qa.testrail.APIException">
            <message>
              <![CDATA[TestRail API returned HTTP 400("Field :suite_id is a required field.")]]>
            </message>
            <full-stacktrace>
              <![CDATA[com.appmanager.qa.testrail.APIException: TestRail API returned HTTP 400("Field :suite_id is a required field.")
at com.appmanager.qa.testrail.APIClient.sendRequest(APIClient.java:297)
at com.appmanager.qa.testrail.APIClient.sendPost(APIClient.java:133)
at com.appmanager.qa.testcases.TestNGProject.createSuite(TestNGProject.java:37)
at sun.reflect.NativeMethodAccessorImpl.invoke0(Native Method)
at sun.reflect.NativeMethodAccessorImpl.invoke(NativeMethodAccessorImpl.java:62)
at sun.reflect.DelegatingMethodAccessorImpl.invoke(DelegatingMethodAccessorImpl.java:43)
at java.lang.reflect.Method.invoke(Method.java:498)
at org.testng.internal.MethodInvocationHelper.invokeMethod(MethodInvocationHelper.java:134)
at org.testng.internal.MethodInvocationHelper.invokeMethodConsideringTimeout(MethodInvocationHelper.java:63)
at org.testng.internal.ConfigInvoker.invokeConfigurationMethod(ConfigInvoker.java:348)
at org.testng.internal.ConfigInvoker.invokeConfigurations(ConfigInvoker.java:302)
at org.testng.SuiteRunner.privateRun(SuiteRunner.java:327)
at org.testng.SuiteRunner.run(SuiteRunner.java:286)
at org.testng.SuiteRunnerWorker.runSuite(SuiteRunnerWorker.java:53)
at org.testng.SuiteRunnerWorker.run(SuiteRunnerWorker.java:96)
at org.testng.TestNG.runSuitesSequentially(TestNG.java:1187)
at org.testng.TestNG.runSuitesLocally(TestNG.java:1109)
at org.testng.TestNG.runSuites(TestNG.java:1039)
at org.testng.TestNG.run(TestNG.java:1007)
at org.testng.remote.AbstractRemoteTestNG.run(AbstractRemoteTestNG.java:115)
at org.testng.remote.RemoteTestNG.initAndRun(RemoteTestNG.java:251)
at org.testng.remote.RemoteTestNG.main(RemoteTestNG.java:77)
]]>
            </full-stacktrace>
          </exception> <!-- com.appmanager.qa.testrail.APIException -->
          <reporter-output>
          </reporter-output>
        </test-method> <!-- createSuite -->
        <test-method status="SKIP" signature="beforeTest(org.testng.ITestContext, java.lang.reflect.Method)[pri:0, instance:com.appmanager.qa.testcases.TestNGProject@37d31475]" name="beforeTest" is-config="true" duration-ms="-1595874431968" started-at="2020-07-27T23:57:11 IST" finished-at="1970-01-01T05:30:00 IST">
          <reporter-output>
          </reporter-output>
        </test-method> <!-- beforeTest -->
        <test-method status="SKIP" signature="invalidLogin()[pri:0, instance:com.appmanager.qa.testcases.TestNGProject@37d31475]" name="invalidLogin" duration-ms="0" started-at="2020-07-27T23:57:11 IST" finished-at="2020-07-27T23:57:11 IST">
          <exception class="com.appmanager.qa.testrail.APIException">
            <message>
              <![CDATA[TestRail API returned HTTP 400("Field :suite_id is a required field.")]]>
            </message>
            <full-stacktrace>
              <![CDATA[com.appmanager.qa.testrail.APIException: TestRail API returned HTTP 400("Field :suite_id is a required field.")
at com.appmanager.qa.testrail.APIClient.sendRequest(APIClient.java:297)
at com.appmanager.qa.testrail.APIClient.sendPost(APIClient.java:133)
at com.appmanager.qa.testcases.TestNGProject.createSuite(TestNGProject.java:37)
at sun.reflect.NativeMethodAccessorImpl.invoke0(Native Method)
at sun.reflect.NativeMethodAccessorImpl.invoke(NativeMethodAccessorImpl.java:62)
at sun.reflect.DelegatingMethodAccessorImpl.invoke(DelegatingMethodAccessorImpl.java:43)
at java.lang.reflect.Method.invoke(Method.java:498)
at org.testng.internal.MethodInvocationHelper.invokeMethod(MethodInvocationHelper.java:134)
at org.testng.internal.MethodInvocationHelper.invokeMethodConsideringTimeout(MethodInvocationHelper.java:63)
at org.testng.internal.ConfigInvoker.invokeConfigurationMethod(ConfigInvoker.java:348)
at org.testng.internal.ConfigInvoker.invokeConfigurations(ConfigInvoker.java:302)
at org.testng.SuiteRunner.privateRun(SuiteRunner.java:327)
at org.testng.SuiteRunner.run(SuiteRunner.java:286)
at org.testng.SuiteRunnerWorker.runSuite(SuiteRunnerWorker.java:53)
at org.testng.SuiteRunnerWorker.run(SuiteRunnerWorker.java:96)
at org.testng.TestNG.runSuitesSequentially(TestNG.java:1187)
at org.testng.TestNG.runSuitesLocally(TestNG.java:1109)
at org.testng.TestNG.runSuites(TestNG.java:1039)
at org.testng.TestNG.run(TestNG.java:1007)
at org.testng.remote.AbstractRemoteTestNG.run(AbstractRemoteTestNG.java:115)
at org.testng.remote.RemoteTestNG.initAndRun(RemoteTestNG.java:251)
at org.testng.remote.RemoteTestNG.main(RemoteTestNG.java:77)
]]>
            </full-stacktrace>
          </exception> <!-- com.appmanager.qa.testrail.APIException -->
          <reporter-output>
          </reporter-output>
        </test-method> <!-- invalidLogin -->
        <test-method status="SKIP" signature="afterTest(org.testng.ITestResult, org.testng.ITestContext)[pri:0, instance:com.appmanager.qa.testcases.TestNGProject@37d31475]" name="afterTest" is-config="true" duration-ms="-1595874431976" started-at="2020-07-27T23:57:11 IST" finished-at="1970-01-01T05:30:00 IST">
          <reporter-output>
          </reporter-output>
        </test-method> <!-- afterTest -->
        <test-method status="SKIP" signature="beforeTest(org.testng.ITestContext, java.lang.reflect.Method)[pri:0, instance:com.appmanager.qa.testcases.TestNGProject@37d31475]" name="beforeTest" is-config="true" duration-ms="-1595874431979" started-at="2020-07-27T23:57:11 IST" finished-at="1970-01-01T05:30:00 IST">
          <reporter-output>
          </reporter-output>
        </test-method> <!-- beforeTest -->
        <test-method status="SKIP" signature="validLogin()[pri:0, instance:com.appmanager.qa.testcases.TestNGProject@37d31475]" name="validLogin" duration-ms="0" started-at="2020-07-27T23:57:11 IST" finished-at="2020-07-27T23:57:11 IST">
          <exception class="com.appmanager.qa.testrail.APIException">
            <message>
              <![CDATA[TestRail API returned HTTP 400("Field :suite_id is a required field.")]]>
            </message>
            <full-stacktrace>
              <![CDATA[com.appmanager.qa.testrail.APIException: TestRail API returned HTTP 400("Field :suite_id is a required field.")
at com.appmanager.qa.testrail.APIClient.sendRequest(APIClient.java:297)
at com.appmanager.qa.testrail.APIClient.sendPost(APIClient.java:133)
at com.appmanager.qa.testcases.TestNGProject.createSuite(TestNGProject.java:37)
at sun.reflect.NativeMethodAccessorImpl.invoke0(Native Method)
at sun.reflect.NativeMethodAccessorImpl.invoke(NativeMethodAccessorImpl.java:62)
at sun.reflect.DelegatingMethodAccessorImpl.invoke(DelegatingMethodAccessorImpl.java:43)
at java.lang.reflect.Method.invoke(Method.java:498)
at org.testng.internal.MethodInvocationHelper.invokeMethod(MethodInvocationHelper.java:134)
at org.testng.internal.MethodInvocationHelper.invokeMethodConsideringTimeout(MethodInvocationHelper.java:63)
at org.testng.internal.ConfigInvoker.invokeConfigurationMethod(ConfigInvoker.java:348)
at org.testng.internal.ConfigInvoker.invokeConfigurations(ConfigInvoker.java:302)
at org.testng.SuiteRunner.privateRun(SuiteRunner.java:327)
at org.testng.SuiteRunner.run(SuiteRunner.java:286)
at org.testng.SuiteRunnerWorker.runSuite(SuiteRunnerWorker.java:53)
at org.testng.SuiteRunnerWorker.run(SuiteRunnerWorker.java:96)
at org.testng.TestNG.runSuitesSequentially(TestNG.java:1187)
at org.testng.TestNG.runSuitesLocally(TestNG.java:1109)
at org.testng.TestNG.runSuites(TestNG.java:1039)
at org.testng.TestNG.run(TestNG.java:1007)
at org.testng.remote.AbstractRemoteTestNG.run(AbstractRemoteTestNG.java:115)
at org.testng.remote.RemoteTestNG.initAndRun(RemoteTestNG.java:251)
at org.testng.remote.RemoteTestNG.main(RemoteTestNG.java:77)
]]>
            </full-stacktrace>
          </exception> <!-- com.appmanager.qa.testrail.APIException -->
          <reporter-output>
          </reporter-output>
        </test-method> <!-- validLogin -->
        <test-method status="SKIP" signature="afterTest(org.testng.ITestResult, org.testng.ITestContext)[pri:0, instance:com.appmanager.qa.testcases.TestNGProject@37d31475]" name="afterTest" is-config="true" duration-ms="-1595874431988" started-at="2020-07-27T23:57:11 IST" finished-at="1970-01-01T05:30:00 IST">
          <reporter-output>
          </reporter-output>
        </test-method> <!-- afterTest -->
      </class> <!-- com.appmanager.qa.testcases.TestNGProject -->
    </test> <!-- Default test -->
  </suite> <!-- Default suite -->
</testng-results>
