<?xml version="1.0" encoding="UTF-8"?>
<!-- Generated by org.testng.reporters.JUnitReportReporter -->
<testsuite skipped="2" hostname="Tushars-Air" name="com.appmanager.qa.testcases.TestNGProject" tests="3" failures="0" timestamp="2020-07-27T23:57:12 IST" time="2.541" errors="1">
  <testcase name="invalidLogin" time="0.000" classname="com.appmanager.qa.testcases.TestNGProject">
    <skipped/>
  </testcase> <!-- invalidLogin -->
  <system-out/>
  <testcase name="validLogin" time="0.000" classname="com.appmanager.qa.testcases.TestNGProject">
    <skipped/>
  </testcase> <!-- validLogin -->
  <system-out/>
  <testcase name="createSuite" time="2.541" classname="com.appmanager.qa.testcases.TestNGProject">
    <error type="com.appmanager.qa.testrail.APIException" message="TestRail API returned HTTP 400(&quot;Field :suite_id is a required field.&quot;)">
      <![CDATA[com.appmanager.qa.testrail.APIException: TestRail API returned HTTP 400("Field :suite_id is a required field.")
at com.appmanager.qa.testrail.APIClient.sendRequest(APIClient.java:297)
at com.appmanager.qa.testrail.APIClient.sendPost(APIClient.java:133)
at com.appmanager.qa.testcases.TestNGProject.createSuite(TestNGProject.java:37)
at sun.reflect.NativeMethodAccessorImpl.invoke0(Native Method)
at sun.reflect.NativeMethodAccessorImpl.invoke(NativeMethodAccessorImpl.java:62)
at sun.reflect.DelegatingMethodAccessorImpl.invoke(DelegatingMethodAccessorImpl.java:43)
at java.lang.reflect.Method.invoke(Method.java:498)
at org.testng.internal.MethodInvocationHelper.invokeMethod(MethodInvocationHelper.java:134)
at org.testng.internal.MethodInvocationHelper.invokeMethodConsideringTimeout(MethodInvocationHelper.java:63)
at org.testng.internal.ConfigInvoker.invokeConfigurationMethod(ConfigInvoker.java:348)
at org.testng.internal.ConfigInvoker.invokeConfigurations(ConfigInvoker.java:302)
at org.testng.SuiteRunner.privateRun(SuiteRunner.java:327)
at org.testng.SuiteRunner.run(SuiteRunner.java:286)
at org.testng.SuiteRunnerWorker.runSuite(SuiteRunnerWorker.java:53)
at org.testng.SuiteRunnerWorker.run(SuiteRunnerWorker.java:96)
at org.testng.TestNG.runSuitesSequentially(TestNG.java:1187)
at org.testng.TestNG.runSuitesLocally(TestNG.java:1109)
at org.testng.TestNG.runSuites(TestNG.java:1039)
at org.testng.TestNG.run(TestNG.java:1007)
at org.testng.remote.AbstractRemoteTestNG.run(AbstractRemoteTestNG.java:115)
at org.testng.remote.RemoteTestNG.initAndRun(RemoteTestNG.java:251)
at org.testng.remote.RemoteTestNG.main(RemoteTestNG.java:77)
]]>
    </error>
  </testcase> <!-- createSuite -->
  <system-out/>
</testsuite> <!-- com.appmanager.qa.testcases.TestNGProject -->
